#
# A fatal error has been detected by the Java Runtime Environment:
#
#  SIGSEGV (0xb) at pc=0x00007f4f1c8d3116, pid=16070, tid=16108
#
# JRE version: Java(TM) SE Runtime Environment 18.9 (11.0.10+8) (build 11.0.10+8-LTS-162)
# Java VM: Java HotSpot(TM) 64-Bit Server VM 18.9 (11.0.10+8-LTS-162, mixed mode, tiered, compressed oops, g1 gc, linux-amd64)
# Problematic frame:
# C  [libc.so.6+0x43116]
#
# No core dump will be written. Core dumps have been disabled. To enable core dumping, try "ulimit -c unlimited" before starting Java again
#
# If you would like to submit a bug report, please visit:
#   https://bugreport.java.com/bugreport/crash.jsp
# The crash happened outside the Java Virtual Machine in native code.
# See problematic frame for where to report the bug.
#

---------------  S U M M A R Y ------------

Command Line: --module-path=/home/mamane19/.m2/repository/org/openjfx/javafx-base/16/javafx-base-16-linux.jar:/home/mamane19/.m2/repository/org/openjfx/javafx-base/16/javafx-base-16.jar:/home/mamane19/.m2/repository/org/openjfx/javafx-controls/16/javafx-controls-16-linux.jar:/home/mamane19/.m2/repository/org/openjfx/javafx-controls/16/javafx-controls-16.jar:/home/mamane19/.m2/repository/org/openjfx/javafx-graphics/16/javafx-graphics-16-linux.jar:/home/mamane19/.m2/repository/org/openjfx/javafx-graphics/16/javafx-graphics-16.jar --add-modules=javafx.base,javafx.controls,javafx.graphics HelloFX

Host: 